-------------------------------------------------------------------------------
Test set: com.example.estimationtool.integrationsTest.repository.UserRepositoryTest
-------------------------------------------------------------------------------
Tests run: 10, Failures: 2, Errors: 0, Skipped: 0, Time elapsed: 0.175 s <<< FAILURE! -- in com.example.estimationtool.integrationsTest.repository.UserRepositoryTest
com.example.estimationtool.integrationsTest.repository.UserRepositoryTest.readUserBySubTaskId_returnsCorrectUser -- Time elapsed: 0.021 s <<< FAILURE!
org.opentest4j.AssertionFailedError: expected: <TestUser> but was: <TestUser1>
	at org.junit.jupiter.api.AssertionFailureBuilder.build(AssertionFailureBuilder.java:151)
	at org.junit.jupiter.api.AssertionFailureBuilder.buildAndThrow(AssertionFailureBuilder.java:132)
	at org.junit.jupiter.api.AssertEquals.failNotEqual(AssertEquals.java:197)
	at org.junit.jupiter.api.AssertEquals.assertEquals(AssertEquals.java:182)
	at org.junit.jupiter.api.AssertEquals.assertEquals(AssertEquals.java:177)
	at org.junit.jupiter.api.Assertions.assertEquals(Assertions.java:1145)
	at com.example.estimationtool.integrationsTest.repository.UserRepositoryTest.readUserBySubTaskId_returnsCorrectUser(UserRepositoryTest.java:209)
	at java.base/java.lang.reflect.Method.invoke(Method.java:580)
	at java.base/java.util.ArrayList.forEach(ArrayList.java:1597)
	at java.base/java.util.ArrayList.forEach(ArrayList.java:1597)

com.example.estimationtool.integrationsTest.repository.UserRepositoryTest.readAll_returnsAllUsers -- Time elapsed: 0.014 s <<< FAILURE!
org.opentest4j.AssertionFailedError: expected: <3> but was: <4>
	at org.junit.jupiter.api.AssertionFailureBuilder.build(AssertionFailureBuilder.java:151)
	at org.junit.jupiter.api.AssertionFailureBuilder.buildAndThrow(AssertionFailureBuilder.java:132)
	at org.junit.jupiter.api.AssertEquals.failNotEqual(AssertEquals.java:197)
	at org.junit.jupiter.api.AssertEquals.assertEquals(AssertEquals.java:150)
	at org.junit.jupiter.api.AssertEquals.assertEquals(AssertEquals.java:145)
	at org.junit.jupiter.api.Assertions.assertEquals(Assertions.java:531)
	at com.example.estimationtool.integrationsTest.repository.UserRepositoryTest.readAll_returnsAllUsers(UserRepositoryTest.java:86)
	at java.base/java.lang.reflect.Method.invoke(Method.java:580)
	at java.base/java.util.ArrayList.forEach(ArrayList.java:1597)
	at java.base/java.util.ArrayList.forEach(ArrayList.java:1597)

