<?xml version="1.0" encoding="UTF-8"?>
<testsuite xmlns:xsi="http://www.w3.org/2001/XMLSchema-instance" xsi:noNamespaceSchemaLocation="https://maven.apache.org/surefire/maven-surefire-plugin/xsd/surefire-test-report.xsd" version="3.0.2" name="com.example.estimationtool.unitTest.controller.UserControllerTest" time="3.214" tests="18" errors="0" skipped="0" failures="0">
  <properties>
[...]
</properties>
  <testcase name="test_showUserWithTimeEntries" classname="com.example.estimationtool.unitTest.controller.UserControllerTest" time="1.602">
    <system-out><![CDATA[2025-05-23T09:26:26.192+02:00  INFO 22416 --- [           main] t.c.s.AnnotationConfigContextLoaderUtils : Could not detect default configuration classes for test class [com.example.estimationtool.unitTest.controller.UserControllerTest]: UserControllerTest does not declare any static, non-private, non-final, nested classes annotated with @Configuration.
2025-05-23T09:26:26.248+02:00  INFO 22416 --- [           main] .b.t.c.SpringBootTestContextBootstrapper : Found @SpringBootConfiguration com.example.estimationtool.EstimationToolApplication for test class com.example.estimationtool.unitTest.controller.UserControllerTest

  .   ____          _            __ _ _
 /\\ / ___'_ __ _ _(_)_ __  __ _ \ \ \ \
( ( )\___ | '_ | '_| | '_ \/ _` | \ \ \ \
 \\/  ___)| |_)| | | | | || (_| |  ) ) ) )
  '  |____| .__|_| |_|_| |_\__, | / / / /
 =========|_|==============|___/=/_/_/_/

 :: Spring Boot ::                (v3.4.5)

2025-05-23T09:26:26.301+02:00  INFO 22416 --- [           main] c.e.e.u.controller.UserControllerTest    : Starting UserControllerTest using Java 23.0.1 with PID 22416 (started by sofie in C:\Users\sofie\IdeaProjects\estimation_tool)
2025-05-23T09:26:26.302+02:00  INFO 22416 --- [           main] c.e.e.u.controller.UserControllerTest    : No active profile set, falling back to 1 default profile: "default"
2025-05-23T09:26:26.896+02:00  INFO 22416 --- [           main] o.s.b.a.w.s.WelcomePageHandlerMapping    : Adding welcome page template: index
2025-05-23T09:26:27.122+02:00  WARN 22416 --- [           main] .s.s.UserDetailsServiceAutoConfiguration : 

Using generated security password: 91e98028-b014-41bb-9b51-de5571ce37c4

This generated password is for development use only. Your security configuration must be updated before running your application in production.

2025-05-23T09:26:27.241+02:00  INFO 22416 --- [           main] r$InitializeUserDetailsManagerConfigurer : Global AuthenticationManager configured with UserDetailsService bean with name inMemoryUserDetailsManager
2025-05-23T09:26:27.376+02:00  INFO 22416 --- [           main] o.s.b.t.m.w.SpringBootMockServletContext : Initializing Spring TestDispatcherServlet ''
2025-05-23T09:26:27.376+02:00  INFO 22416 --- [           main] o.s.t.web.servlet.TestDispatcherServlet  : Initializing Servlet ''
2025-05-23T09:26:27.377+02:00  INFO 22416 --- [           main] o.s.t.web.servlet.TestDispatcherServlet  : Completed initialization in 1 ms
2025-05-23T09:26:27.417+02:00  INFO 22416 --- [           main] c.e.e.u.controller.UserControllerTest    : Started UserControllerTest in 1.165 seconds (process running for 19.427)
]]></system-out>
  </testcase>
  <testcase name="test_showEditUser_fail" classname="com.example.estimationtool.unitTest.controller.UserControllerTest" time="0.039"/>
  <testcase name="test_showUserWithProjects" classname="com.example.estimationtool.unitTest.controller.UserControllerTest" time="0.024"/>
  <testcase name="test_showUser" classname="com.example.estimationtool.unitTest.controller.UserControllerTest" time="0.02"/>
  <testcase name="test_updateUser" classname="com.example.estimationtool.unitTest.controller.UserControllerTest" time="0.04"/>
  <testcase name="test_getFrontPage" classname="com.example.estimationtool.unitTest.controller.UserControllerTest" time="0.018"/>
  <testcase name="test_showUserWithTasks" classname="com.example.estimationtool.unitTest.controller.UserControllerTest" time="0.021"/>
  <testcase name="test_showUserWithSubProjects" classname="com.example.estimationtool.unitTest.controller.UserControllerTest" time="0.021"/>
  <testcase name="test_deleteUser_fail" classname="com.example.estimationtool.unitTest.controller.UserControllerTest" time="0.013"/>
  <testcase name="test_showEditUser" classname="com.example.estimationtool.unitTest.controller.UserControllerTest" time="0.053"/>
  <testcase name="test_showAllUsers" classname="com.example.estimationtool.unitTest.controller.UserControllerTest" time="0.015"/>
  <testcase name="test_updateUser_fail" classname="com.example.estimationtool.unitTest.controller.UserControllerTest" time="0.009"/>
  <testcase name="test_createUser" classname="com.example.estimationtool.unitTest.controller.UserControllerTest" time="0.017"/>
  <testcase name="test_showUser_redirectsWhenNotLoggedIn" classname="com.example.estimationtool.unitTest.controller.UserControllerTest" time="0.003"/>
  <testcase name="test_deleteUser" classname="com.example.estimationtool.unitTest.controller.UserControllerTest" time="0.005"/>
  <testcase name="test_showCreateUser" classname="com.example.estimationtool.unitTest.controller.UserControllerTest" time="0.015"/>
  <testcase name="test_showUserWithSubTasks" classname="com.example.estimationtool.unitTest.controller.UserControllerTest" time="0.017"/>
  <testcase name="test_createUser_fail" classname="com.example.estimationtool.unitTest.controller.UserControllerTest" time="0.005"/>
</testsuite>